11th 1
191 1
2003 1
3160 1
660 1
abandonment 1
abashd 1
able 3
abrupt 1
absolute 1
acamas 1
accept 1
accompaniments 1
accursed 1
achieve 1
acquainted 2
actual 1
added 2
admired 2
adopt 1
adore 1
adorn 1
advancing 1
adverse 1
advice 2
advices 1
advocates 1
aegyptian 1
aeneid 1
aera 3
aesthetic 1
affix 1
afford 1
after 9
again 2
agamemnon 4
age 32
aid 7
alas 1
alike 3
allseeing 1
alois 1
along 5
altar 1
altars 3
alterations 3
always 3
ambrosial 1
amid 4
amidst 2
amorous 2
an 66
analysis 3
ancestorsor 1
and 814
another 9
anxiety 1
apaturian 1
appeal 1
appearance 1
appeared 2
appears 8
applied 1
applying 1
apprised 1
approves 1
april 1
archilochus 3
ardent 1
ardour 1
are 59
area 1
argos 3
arktinus 1
arms 10
array 1
arrival 2
arrived 10
arriving 1
as 132
ascertained 1
ascribed 2
ashore 1
aside 1
askd 2
asks 1
assembled 5
assenting 1
assert 4
assumed 2
assumption 1
assuring 1
athenians 4
athens 2
atlantic 1
attached 1
attain 2
attribute 1
attributed 5
augmented 1
augur 2
augurs 1
auster 1
avenge 2
avenger 1
avenging 2
awful 3
awhile 2
ballads 4
baneful 1
banqueted 1
bark 7
bearing 1
became 4
been 45
befell 1
begun 1
behests 1
believing 4
betrayd 1
betrays 1
better 7
beyond 2
bidding 1
billows 4
binding 1
biographies 1
birds 1
bit 2
bitter 1
blackens 1
blameless 2
blaze 1
bled 2
blending 1
bless 5
blessd 3
blesses 1
blissful 1
block 1
bloom 1
blooming 2
blueeyed 4
blush 1
boethius 1
boil 1
book 7
bounded 1
bounty 2
brains 1
breach 1
breathe 1
breathed 2
bribe 1
bride 1
brightening 1
broils 1
brother 1
brotherkings 1
brows 1
brutian 1
burden 1
burst 1
buttmann 1
calld 2
called 6
callida 1
calm 2
captious 1
captives 1
car 4
carelessness 1
carry 2
cars 1
cauls 1
cautious 1
cento 1
centuries 3
century 8
certainly 1
challenge 1
chaucers 1
checks 1
cheer 1
chess 1
chiefs 2
chieftain 1
choicest 5
choose 2
chose 1
cid 1
clear 1
clever 1
closely 1
clymenus 1
cold 2
collected 3
colonnade 1
colophonians 1
columns 1
comforted 2
command 7
companion 5
compare 1
compels 1
compiled 1
compiler 1
complicated 2
compositions 3
composure 1
computers 1
conceived 2
concludes 1
conclusion 1
condemnd 1
condescend 1
condition 5
conditions 1
confessd 2
confined 1
confirm 1
conjunction 1
connecting 2
consciousness 1
considerable 4
considerably 1
considered 3
considering 1
considers 1
consigned 1
consistentseries 1
contain 1
contemplating 1
continual 1
continue 2
continued 2
continues 5
contracted 1
contrary 2
controversy 1
conventional 2
conversaziones 1
conviction 4
convocations 1
cool 1
cooper 1
correct 1
costly 1
couch 1
councils 1
countless 1
countrys 4
course 7
coursers 5
court 16
coward 2
create 2
created 2
crimes 1
critic 1
crossd 1
crowd 4
crowned 1
cultivated 2
cumber 1
cursed 1
cyclops 1
daily 1
dance 6
dashd 2
daughters 2
dazzling 2
deaf 1
dear 8
deathless 2
decay 5
deed 7
deedless 1
deeply 2
defended 3
delighted 1
delusion 2
denied 3
denies 5
deplored 2
depth 1
deputed 1
deriding 1
derived 1
descend 5
descended 1
descends 10
described 4
destruction 4
detail 3
detect 1
development 1
did 8
difficulty 6
diffused 1
dignity 1
diocleus 1
disabled 1
discourses 1
discover 2
discoverable 1
discovering 1
discrepancy 1
disfigure 1
disguise 2
dispersed 1
dispute 1
disqualification 1
dissected 1
districts 1
disturbed 1
dive 1
diverse 1
divided 1
diviners 1
document 1
does 2
dome 16
dominions 1
doubly 1
doubtful 4
doubtless 1
dower 3
downy 1
draughts 1
draw 2
draws 2
dreadful 2
dreamed 1
dressd 3
drew 4
drops 1
drove 4
dry 1
ductile 1
dumb 1
during 2
dwell 2
dwelt 1
dying 1
eagle 2
eagles 2
eaglespeed 1
echo 1
eehephron 1
eight 1
eighth 1
elaborate 1
elate 1
elder 1
electronic 1
elphenor 1
embellishment 2
embroiderd 3
emendations 2
empire 3
employes 1
enabling 1
encumbered 1
ending 1
engaged 1
englishfar 1
ennius 1
ennobling 1
enthusiasm 3
entreat 1
essay 1
essentially 2
established 1
estimated 1
eternal 4
europe 1
eve 1
evening 2
evidences 2
evinced 1
evn 5
exact 1
excellent 1
executed 1
execution 1
exemptbut 1
exile 2
expectants 1
explores 1
expressd 1
expressed 3
expunging 1
extended 2
extraordinary 1
fables 1
facilities 1
fairest 1
falchion 1
falln 1
far 21
fast 4
father 16
favourable 3
favoured 1
feature 1
features 4
fed 2
feeble 2
feed 2
fellowservant 1
festival 3
festivals 3
few 10
fight 3
fill 3
finely 2
finished 1
fired 2
firm 2
flattery 1
flatterys 1
flavorous 1
flea 1
float 1
floods 2
florian 1
foam 1
foes 5
fond 4
food 1
forces 1
forerunner 1
foretold 2
forgotten 1
formed 7
fortunately 1
fortunes 3
fountain 1
fowls 1
frequent 2
furnished 1
gains 1
gate 4
gentle 3
gentleman 1
gently 1
getting 1
gifts 6
gilded 1
giving 2
glide 1
globe 2
gloomy 2
glories 2
glowd 1
gods 26
gold 11
goodnatured 1
governments 1
graces 1
grant 1
granted 1
grateful 2
great 55
greeted 1
griefs 2
grieve 2
grieved 3
groaning 1
ground 11
guests 3
guilty 2
gutenberg 6
habit 1
half 3
halfheard 1
halfkindred 1
halizonians 1
handmaids 1
happier 4
hardy 1
harmonize 1
harpies 1
head 3
headlong 1
healthy 1
heardbut 1
hears 1
heart 6
heartcorroding 1
heavenbuilt 1
heedful 2
held 5
helens 1
hellas 1
hence 5
heralds 2
hermes 2
hermione 2
herod 1
herodotus 3
herself 3
higher 2
highflaming 1
historical 7
history 17
homer 57
homeric 24
honourd 1
honoured 1
hopeless 1
horns 2
horrors 1
hostile 3
hosts 1
hovers 1
howl 1
human 13
humans 1
humbled 1
hundred 3
iambic 1
iberia 1
iii 1
illfated 1
imaginary 1
imitate 2
imitators 1
immediate 1
immigrations 1
immolate 1
imperfect 2
imperial 4
impious 4
impress 2
incessant 2
incidental 1
incredible 2
incumbent 1
indiscretion 1
indispensably 1
indistinct 2
inducement 2
infallible 1
infant 1
inferiority 1
infers 1
influence 3
information 2
infused 2
injured 1
inmost 2
inner 1
inquired 1
inscription 2
insight 2
insignificant 1
insolence 3
inspiring 1
instant 5
instruction 2
instructive 1
intellectual 1
intemperate 1
interwoven 1
into 23
intoned 1
intrusive 1
invade 1
invention 1
invite 2
invited 2
invoked 1
involved 3
iphthima 1
island 5
islands 1
isle 7
issued 1
issuing 1
it 98
ithacensians 1
ithagenes 1
its 35
iv 1
joined 1
journey 9
joves 3
junctura 1
june 1
jus 1
just 13
justify 1
justus 1
kills 1
kindly 1
known 5
knows 3
lachmann 1
laerceus 1
laertes 3
laomedontiadae 1
larissa 1
latent 1
later 3
launch 1
law 1
lawgivers 2
lawn 2
leader 1
learning 1
learningnay 1
length 13
leocritus 1
less 13
level 1
liddell 1
light 10
lindus 1
lineaments 1
links 1
lit 1
literary 8
little 12
living 3
lo 6
local 1
loewe 2
longprotracted 1
love 17
lovely 1
luxury 2
magic 1
maiden 1
main 22
maintain 2
make 12
malice 1
man 26
mankind 3
manly 4
many 16
marching 1
maritime 1
markd 1
marked 1
marriage 1
married 5
marshalld 1
marvelled 1
material 1
mature 2
may 38
mayest 1
mead 1
meanwhile 3
measure 5
measured 4
measures 2
meditate 1
meditating 1
megapenthas 2
melancholy 1
meles 1
members 1
menapolus 1
mentes 6
merriment 1
method 1
mid 1
midnight 3
midst 1
might 14
misjudging 1
mistaken 1
misty 1
mode 1
modern 7
modesty 2
modification 1
modifications 1
monarch 7
monument 2
morning 7
morsels 1
mother 2
mountain 1
mourns 2
much 28
musicthe 1
must 37
mutual 1
mycenae 1
mycene 1
necessity 4
neglected 1
negroes 1
neighbouring 2
neighbours 1
neither 3
nestorean 1
new 11
ninth 1
none 4
nonwriting 1
noon 1
northward 1
nothing 4
nought 2
novel 1
nowise 1
nursed 3
nymph 1
oars 3
obdurate 1
objection 1
obscene 1
obscurity 1
observation 2
observes 2
obtained 1
obviously 1
occasional 1
ocean 5
odours 1
oer 28
oerarching 1
oerhangs 1
oermatch 1
oerturns 1
oerwhelms 1
office 2
oh 14
olympian 1
once 12
opened 1
opens 1
oppressd 5
oppressor 1
oppressors 2
ordinarily 1
oriental 1
outward 1
over 10
overboard 1
pacific 1
pains 1
pandarus 1
panoply 1
papyrus 1
parents 1
partly 3
passed 2
pasturing 1
pathless 1
patrimonial 1
patriot 1
pavement 1
pavilion 1
peace 4
peisistratic 1
peisistratus 16
pendent 1
penelopes 1
perfect 3
perils 1
period 15
perishable 1
perplexed 1
personal 2
persuaded 3
philological 1
philosophical 1
piercing 1
pilots 1
pious 4
pithys 2
place 7
plant 2
pleaded 1
pleasing 7
plied 1
plurality 1
poem 23
poetry 15
poetryfor 1
point 6
polybus 1
polypus 1
pomp 3
pompilius 1
poor 1
poplar 1
pores 1
portals 1
portions 1
posted 1
pour 3
poured 1
pours 1
power 21
practised 1
preceptor 1
precipitant 1
predestined 1
preferrd 3
prescient 1
prescribe 1
present 12
preservation 4
preserved 2
pressd 3
presume 1
presumptuous 1
pretend 1
prevail 2
prime 1
prince 27
private 4
prize 1
proceed 4
procession 1
produce 2
product 1
profane 1
project 6
prolong 2
proofers 1
proofs 1
prop 1
property 1
prophets 1
proportions 1
proposals 1
proteus 1
pseudonyme 1
pulld 1
pure 2
purpled 2
purport 1
put 3
quaffd 1
quarrel 1
questionable 1
quicksand 1
quocunque 1
racy 1
rancour 1
rapidly 1
rays 3
reachd 3
read 12
realms 7
rebounds 1
recension 1
recent 2
recess 1
recitations 1
recite 2
reclaim 1
recorded 1
reduced 1
redundancy 1
reeld 1
refection 1
reference 4
reflecting 1
refreshd 1
refreshing 1
refulgent 2
refund 1
refused 1
regain 1
regular 1
reithrian 1
rejoind 3
rekindled 1
relative 1
remaining 1
remarked 2
renownd 4
repay 1
reposed 1
represented 2
reprove 1
request 1
require 5
required 1
resort 3
responsive 1
rest 15
restore 3
restrictions 1
retards 2
retreat 1
revered 2
revisit 2
reward 3
rhapsodic 1
ribs 1
rich 12
richest 1
rides 4
right 9
ring 1
rising 4
rite 6
rivals 6
road 3
roams 2
roaring 2
rob 1
rod 1
rolld 7
room 2
rose 9
rowers 1
rows 1
ruddy 3
rule 3
ruler 1
ruling 1
rumour 2
rushd 2
sable 2
sacred 19
safe 9
sage 18
sailortrain 1
sails 5
saint 1
samos 2
sandy 3
santa 1
sateat 1
saxo 1
scarcely 2
scatters 2
scene 4
scenes 1
sceptic 1
sceptrd 1
sceptred 2
scholar 1
scholars 2
science 1
scienza 1
sea 2
seas 11
secondary 1
secret 2
secure 3
secured 2
seen 2
selfadmiring 1
sentences 1
sequel 2
serious 2
service 1
seventh 3
shade 6
shared 2
she 44
sheet 1
ships 3
short 3
shoved 1
show 1
shown 3
shun 1
sickens 1
silence 5
silverstreaming 1
similarity 1
sinecures 1
single 1
sink 2
sire 27
size 2
skilful 1
slips 1
sloping 2
slumberous 1
smith 1
smokes 1
smooth 3
smoothd 1
smyrna 3
sober 2
socalled 1
social 6
society 4
softened 1
soldiers 1
solid 2
something 6
sons 19
sorrows 5
sort 1
sought 6
sounder 1
sounding 1
spacious 5
spake 2
speak 5
species 2
speech 4
spheres 1
spirit 6
spiritstirring 1
splendid 2
spoil 1
spontaneous 1
spring 3
sprung 2
stands 4
state 17
statement 3
states 4
steady 1
stem 2
stops 1
store 3
storehouse 1
storm 2
stormy 2
strand 4
stratagems 1
stratius 2
strauss 1
streaming 1
street 2
strength 4
string 1
strings 1
strode 1
stroke 1
strong 12
study 2
stygian 1
subsequently 1
substantial 2
success 6
suffered 3
suggest 2
suitorthrong 1
summons 2
superior 3
supply 2
supposition 1
supremely 1
surges 2
surround 3
suspected 1
suspicion 2
sustain 1
swayd 3
swelld 1
swept 1
swift 8
swiftest 1
swiftness 1
sword 5
tactics 1
taking 2
tancred 1
taphians 1
tedious 2
tell 6
tempest 1
temple 3
tempt 2
tenedos 1
term 1
testamenthas 1
testimonies 1
testimony 3
thee 15
them 28
themes 1
therefore 4
thestorides 6
thief 1
thing 3
think 4
thinkthink 1
thirteenth 1
threatend 1
three 9
throne 5
throned 1
throw 3
thus 46
tides 5
time 26
timeless 1
timely 2
tire 1
tis 4
together 5
told 5
tomb 2
tone 1
tongs 1
torch 1
torrent 1
toss 1
tossd 1
touchd 5
touched 2
towards 4
traces 2
trained 1
transfix 1
transfixd 1
translate 1
transmission 1
treasury 1
treatment 1
tremble 1
tremendous 2
tribe 1
tried 1
trojan 2
trust 3
tyrtaeus 1
ultrarefined 1
unassisted 1
unbent 1
unblessd 2
unconscious 1
uncontrolld 1
understand 1
undertake 1
undertaking 1
undone 2
undoubted 1
unfold 1
unhappy 2
unison 1
unite 1
universal 1
unlawful 1
unlike 1
unpractised 1
unpunishd 1
unseemly 1
unskilld 1
untimely 1
unwieldy 1
us 35
useless 1
usually 1
vain 20
vainfor 1
valerius 1
vanishd 1
varied 2
vaulted 1
venetian 1
venture 2
venturous 1
venus 1
versions 1
vessel 11
victims 3
victor 2
view 7
viewd 2
vindictive 2
vintage 1
virgin 3
virtue 8
virtuous 1
visitant 1
visited 2
visiting 1
vital 1
vividness 1
voice 16
voices 1
voluntary 1
vulgar 3
waft 3
wait 6
walks 1
walls 5
wanderings 2
warbling 3
warlike 3
wasse 1
water 3
waving 2
way 23
wears 1
weep 1
weeping 1
wellstocked 1
what 56
whatever 2
whether 6
whistling 2
whither 4
wholesale 1
wholewe 1
why 7
wine 15
winged 3
wiredrawings 1
wisdom 7
wisdoms 1
wish 4
without 11
withstand 1
woes 12
wolfs 2
wonder 4
wondering 3
words 22
workmanship 1
world 6
worst 1
worthy 6
wouldbe 1
wretchd 1
write 2
writer 7
written 14
wrong 3
ye 24
year 3
yellow 1
younger 2
