11 1
abodes 1
about 11
abroad 1
absurd 2
accompany 2
accustomed 1
achilleis 1
achilles 8
acquaint 2
acquaints 1
acquire 1
acts 2
acumen 1
acute 1
acuteness 2
adamantine 1
additions 1
admiration 5
admonishd 1
adornd 3
adorns 1
advance 2
adventure 2
aegysthus 7
afflicted 2
against 11
aged 2
agents 1
aided 1
aimed 1
aims 1
airy 1
alarms 1
alcinor 1
all 91
allow 5
allure 1
almost 4
aloud 1
already 14
am 6
amain 1
amalgamation 1
amassing 1
amorgus 2
analytical 2
analyzing 1
anchialus 1
anew 1
angry 1
anguish 2
animals 1
announced 1
announcement 1
annual 1
answerd 1
antagonists 1
antiphus 1
antique 1
antiquity 2
appear 4
appeard 1
archetypus 1
argued 1
arguing 1
arguments 1
arise 6
aristoteles 1
arose 5
around 9
arrange 1
arrangement 3
arrangers 1
arrayd 1
artifices 1
ascendency 1
ascends 1
aspire 1
assemblies 1
assists 1
associates 2
assuage 2
assyrian 1
astonished 1
astonishing 1
atone 1
atrides 10
attaining 1
attendant 1
attended 2
attentive 1
authenticity 2
authorities 1
avowd 2
avowed 1
away 8
bade 3
balmy 2
banquet 8
bard 8
bath 1
bathe 2
battista 1
battles 1
bears 2
beauty 4
become 2
becomes 2
bed 9
beds 1
beguile 1
behind 2
beings 1
belongs 4
bend 5
benevolent 1
bentley 3
bequeath 1
beside 3
besides 2
bestowd 1
between 3
beverage 1
bids 5
blazed 2
bleed 6
bleeding 1
blessings 1
blow 2
boaster 1
boasts 1
bolt 1
boon 2
born 8
bosom 5
bottom 1
bound 2
boundless 2
brazen 2
bread 3
breathing 2
breezes 1
bridal 12
brimming 1
bring 6
brings 5
broad 2
broken 1
brutal 1
burn 1
burnd 1
burnishd 1
burns 4
business 2
can 23
capable 2
careful 1
cares 5
caresses 1
carpet 1
carried 2
carved 1
case 4
casks 1
catholicity 1
caves 1
cease 7
ceased 1
ceaseless 1
centre 2
chaind 1
chair 1
change 6
changing 1
characteristicsstill 1
charming 1
chastisement 1
cheeks 1
cheering 1
cherished 1
chief 11
chilling 1
christ 3
chronicle 1
church 2
circled 2
circumfluent 1
circumfusile 1
claim 6
classical 1
clearly 2
climb 1
collector 1
colonel 1
column 3
comely 1
comes 3
coming 4
comings 1
commands 2
commerce 2
commit 1
committed 2
communicated 1
companions 1
compilation 3
complete 1
composed 2
comprehensive 2
compressd 1
confessed 1
confidence 2
confucius 1
conjecturing 1
conjoind 1
connect 2
connubial 2
conquering 1
consequences 1
conservatism 1
consistency 3
consort 3
conspicuous 1
constituent 1
constraind 2
consulting 1
contented 1
contents 1
continuation 1
contradictory 1
contrasts 1
controvert 1
convoke 1
cormarants 1
corruptions 2
cot 1
could 23
counterfeit 1
country 3
creations 1
credit 1
credulity 2
crew 2
crib 1
cries 7
criticize 1
critics 5
crownd 7
crux 1
crystal 1
cumae 5
cumbrous 1
curious 5
cybele 1
cydonian 1
dame 4
dames 1
damsel 1
dangerous 1
darkend 1
dart 3
daughter 9
days 11
dead 4
deal 1
debt 1
decaying 1
decent 4
decorated 1
deem 3
deepest 1
defer 1
degree 3
delay 5
delights 1
demand 6
demands 5
demeanour 1
demodokus 1
deny 7
deplore 1
derisive 1
design 4
detected 1
determinate 1
determined 3
dictated 1
difficult 2
direction 1
directions 2
disappointment 1
disastrous 2
discharged 2
discoveries 1
discussions 1
disdain 1
disgrace 2
displease 1
disposed 2
disproving 1
disquiet 1
disrespect 1
distinctly 2
distinguishd 1
divergences 1
divide 6
divinely 1
domain 1
done 8
doom 7
dooming 1
door 2
draggd 1
dramatis 1
dreaded 2
dream 2
dreams 3
dreamthe 1
drink 1
driven 2
drooping 1
drudging 1
drugs 2
due 10
earlier 6
earliest 2
earned 1
easy 3
echoing 1
effect 1
effort 1
egypt 1
elapsed 1
elect 1
elegant 3
elegiac 2
elude 1
emanated 1
emancipate 1
embarked 1
embrace 5
embraced 2
emotion 1
employd 1
employed 5
empty 2
encircling 1
end 7
enfeebled 1
enlightenment 1
ensure 1
entrails 2
envious 1
ephyre 2
epical 2
episodes 1
epitaph 1
epoch 1
equal 12
equalled 1
ere 4
erring 2
erythrae 2
escape 1
essential 1
etext 1
eurymachus 1
evasive 1
even 19
event 1
every 14
everything 4
exaggeration 1
examinations 1
examines 1
examining 1
example 1
exceedingly 1
exercised 3
existed 4
existing 3
exists 1
expedient 1
experienced 3
expose 1
extemporaneous 1
extending 1
external 1
extremely 1
eyed 1
facts 2
failed 3
fairer 1
faithful 9
faithless 1
fame 22
familiar 5
famous 1
farm 1
farpiercing 1
fate 27
fathers 16
fault 2
favourite 2
feast 19
feastful 1
feelings 3
females 1
fierce 1
fifth 1
filial 4
finally 1
finds 2
fire 8
fires 3
first 39
fishermens 1
fixd 1
fleece 1
fleet 4
fleets 1
flew 4
flies 8
flood 1
flour 4
flowing 3
foamy 1
follies 1
followd 1
followed 3
folly 2
foot 1
for 124
forced 1
forfeit 2
forgetful 1
former 7
forth 6
forty 1
fostered 1
found 8
foundation 1
four 2
fourth 2
fragrant 4
france 1
freedom 2
freight 1
freighted 1
fresh 3
friendlier 1
frogs 1
from 157
frugality 1
fulfilled 1
functions 1
fund 1
furnish 2
further 3
gain 3
gamesome 1
gather 1
gay 6
general 9
generous 4
gerestus 1
german 1
ghost 3
giants 1
glad 1
glaucus 7
glittering 3
gloriously 1
glowing 1
gnawd 1
goatherd 1
god 16
godlike 3
golden 5
good 10
gordius 1
gorgeous 1
got 2
graced 9
graceful 2
gradual 1
grain 1
grand 4
grants 1
grasp 2
gratitude 2
greatly 4
greece 17
green 3
grew 2
grow 3
grown 1
guess 1
guessd 1
guide 5
guided 1
guideless 1
guiding 1
guilt 1
gulf 1
had 45
hail 1
halitherses 2
hand 22
handed 2
harbour 1
hard 1
hardly 1
hardouin 1
harmoniously 1
harmony 1
harms 1
hated 1
hath 2
haughty 4
havoc 1
he 191
heap 1
heard 10
heaved 1
heavenly 6
hecatombs 3
heeren 1
height 1
heir 6
help 6
helpless 2
hercynia 1
here 25
hereafter 1
heroes 8
heros 4
hesitation 1
hewn 1
hidden 1
high 17
hills 2
historic 2
hither 1
hitherto 1
holds 1
homers 4
honours 5
hospitality 1
host 5
hour 13
household 1
huge 1
humbles 2
hut 1
i 90
idomen 1
ignoble 1
ignorant 1
illustrious 4
imaged 1
images 1
imaginations 1
impair 1
impart 1
impatience 1
implores 2
importance 2
important 6
impotent 1
impression 1
impulse 1
incidents 1
incongruities 1
independent 1
indignation 1
induced 1
indulgence 1
industrious 1
infold 1
inhabitants 3
inherited 1
initiates 1
injuries 1
injurious 1
injury 1
inspired 2
instance 1
instead 2
instructions 1
insufferable 1
integrity 4
intellect 1
intelligence 1
intended 2
interesting 1
interpretation 2
interview 1
intorted 1
introduced 1
intrusion 1
investigation 1
invisible 2
invoking 1
inward 1
ios 1
ithaca 18
ithacensian 1
itself 5
jars 1
javelin 2
joind 7
joy 9
joyous 3
judges 1
judgment 2
juvenile 2
keel 1
kind 8
kings 4
labourd 1
lamp 3
land 16
language 9
last 12
latter 1
leading 3
leagued 1
learn 5
learnd 2
learnt 1
legend 2
legends 3
lesson 1
let 29
leucadia 2
lie 2
likely 2
lines 1
lipsius 1
liquid 4
list 1
literal 1
live 4
load 2
looked 2
lookedfor 1
looking 1
loom 2
lord 5
loss 1
lowd 1
lured 1
luscious 1
lycurgus 1
lyre 3
lyric 1
lyrist 1
maid 13
maintained 2
majestic 6
makes 2
making 1
manhood 3
manifest 1
manners 1
manufacture 1
marbles 1
marchd 1
mariners 2
mars 1
martial 7
match 1
maura 1
mazy 1
me 22
meantime 7
meet 6
meeting 2
menelads 1
menelaus 10
menial 2
mention 2
mentor 9
mentors 2
merchants 1
mercury 1
mere 10
merely 3
metrical 1
microscope 1
middle 2
mien 1
military 2
mimas 1
minds 3
minstrels 1
mirror 1
miserable 1
misrule 1
miss 1
mix 2
mixd 3
moment 1
mood 1
moor 1
moreover 4
morethe 1
morn 1
mount 2
mournful 1
move 4
moves 3
muchloved 1
multitude 1
murderer 2
muse 2
myrmidons 1
name 25
narrow 1
nations 4
navy 2
needful 1
needy 1
neleus 3
nestors 2
next 7
nigh 1
noble 5
nobody 1
nomine 1
non 1
nor 42
notion 1
numberd 1
numbers 1
nymphs 1
o 25
obeisance 1
objections 1
objects 1
oblivion 3
obsequies 1
observations 1
observed 4
oceans 1
odysseus 1
odysseybegan 1
oerwhelmd 1
off 2
often 4
oftquoted 1
ogilby 1
olympiad 1
omend 1
omnipotence 1
on 115
one 36
onomakritus 1
opening 2
operated 1
opinion 5
opinions 3
opponents 1
opposed 1
option 1
orb 1
ordaind 1
ordinance 1
ordinary 1
orestes 6
origin 2
originality 1
ornaments 1
other 26
ourselvesin 1
own 20
painful 2
palacecares 1
pale 2
palpable 1
pardonable 1
part 15
parterre 1
partiality 1
parts 7
passage 5
passing 3
paused 1
pay 5
payne 1
pays 1
paytheir 1
peaceful 2
peer 1
peerage 1
peers 12
peisistratusnothing 1
penelope 4
per 1
perfects 1
perfume 1
perish 1
perjured 1
permanent 1
permission 2
permit 1
perseus 2
persevering 1
person 1
personages 1
persons 4
persuade 1
perusing 1
pherae 1
philoctetes 1
phraseology 1
phthias 1
picturesque 1
pile 1
pilot 1
pirates 1
pitying 2
placed 8
plans 1
play 1
plays 1
please 6
pleased 4
plighted 1
plumes 3
pluto 1
ply 2
poems 35
poetic 2
points 4
poisond 1
poisons 1
pole 3
polishd 1
polycaste 1
popes 5
popularity 2
portal 3
portico 2
possession 2
pourd 1
powerfully 1
precedes 2
preference 1
presence 2
presented 1
presents 3
pretors 1
prevailed 1
previously 4
primary 2
primitive 6
probability 6
probably 4
process 1
proclaim 1
productions 1
projects 1
prolusion 1
promise 1
pronounced 1
proof 1
prophesy 1
proportion 1
proposal 1
proud 10
provided 1
provides 1
prudence 2
prudent 5
pruning 1
punish 1
purity 1
purposes 1
pursue 2
pylaemenes 1
pyle 6
qualification 1
queen 16
quelld 1
questioning 1
quoted 1
radiance 1
radiant 3
rags 1
raised 2
ran 2
raptured 2
rarely 2
ravishd 2
razed 1
reader 1
readers 4
reading 7
realised 1
realm 8
rears 1
reassert 1
reception 2
recognising 1
recording 1
recounting 1
reeling 1
refer 1
reflected 1
refrain 2
refuses 1
regent 1
regicide 1
reigned 1
reitorus 1
reject 1
rejoice 1
rejoins 1
relates 2
relation 1
relieve 1
religious 2
remained 2
remains 1
rend 1
renowned 1
republican 1
reputed 1
requires 1
reside 3
resignd 1
resolve 1
resounds 3
restless 1
restored 6
rests 1
retired 3
returnd 4
returned 1
returning 2
reveal 1
revellers 1
revenge 5
rhapsodes 1
rhodians 1
ridiculous 1
rifled 1
righteous 2
rights 2
ripened 1
rise 10
rival 7
rivalryit 1
roar 3
robe 1
rock 2
rocky 2
roofs 2
rough 3
rudder 1
ruin 2
rules 2
rushing 1
sacredness 1
sacrificing 2
sadly 1
safety 1
said 10
sail 4
sailed 1
sailing 1
same 18
samian 1
sat 1
satisfactory 1
satisfied 4
save 6
saved 1
say 14
says 3
scaped 1
sceptre 4
scholastic 2
schoolfellows 1
scorned 1
scrapbook 1
scud 1
seashore 2
seem 3
seemly 1
seems 16
seer 1
sees 2
seize 3
select 2
semblant 1
send 4
sensible 2
sent 4
sentence 2
sentiments 2
separated 1
series 3
session 1
set 7
several 3
shady 1
shaggy 2
shake 2
shape 5
share 4
shined 3
shone 3
shore 21
should 24
showed 2
shriekd 1
sigh 2
sight 2
signatures 1
silver 5
sinecurists 1
sing 1
singing 2
sires 2
sit 3
sitting 1
six 2
slain 5
sleeps 1
slumber 1
smoke 2
smoking 1
snatchd 2
soar 1
softer 1
sometimes 1
sonah 1
sore 1
souls 1
sound 4
sounds 2
sovereign 3
sovereigns 1
space 2
specific 1
spectators 1
speed 12
spoilers 2
sprightly 3
sprinkles 1
stalkd 1
staples 1
stately 3
statements 2
steeds 3
steermans 1
still 19
stool 1
stowd 1
straight 2
stray 1
streets 1
strife 2
struck 1
subject 11
subjects 2
sublime 1
sublimity 1
submit 1
subsistence 1
substance 2
substituted 1
succeed 1
succeeds 1
sufficient 3
suits 1
summarily 1
sun 7
suniums 1
sunk 8
superintendence 1
supper 2
suppliant 4
supports 1
suppose 4
suppress 1
suppressd 1
surrounded 3
surveyd 4
surveys 2
survived 1
swain 1
sway 2
swear 1
sweet 7
swelling 3
sympathy 1
synod 4
tablet 1
taken 3
talents 1
tall 4
tame 1
taphian 4
tawdry 1
teacher 2
temperate 1
tempests 1
ten 6
tend 1
terpander 1
terrible 1
testifies 1
text 4
than 46
thanks 1
the 1995
thebais 2
their 120
theme 1
theseid 1
thighs 2
thirst 4
thousa 1
thousand 1
thracians 1
thrasymed 4
thrice 2
thrones 2
thucydides 2
thundering 1
tinsley 1
to 720
tongues 2
too 16
top 1
tops 1
towers 3
trace 5
trade 1
tragedies 2
train 28
trans 1
transferred 1
transitions 1
translated 1
translation 7
transmissive 1
transport 2
treasured 1
treasures 3
tribunal 1
triumphs 2
true 11
turn 2
twentytwo 1
twilight 2
two 16
tychias 1
unbind 1
unchangeable 1
undertaken 1
undoubtedly 1
unheard 3
unhonourd 1
unintelligible 1
unity 8
unknown 6
unlearning 1
unless 1
unnoted 1
unravel 1
unskilfully 1
unspotted 1
until 2
untrodden 1
unweighd 1
unwelcome 2
unworthy 1
uplifted 1
upon 29
urns 3
utmost 1
valiant 2
valves 1
vanity 1
vase 4
vault 1
veins 3
vengeful 3
version 3
very 9
vest 3
vie 1
viewed 1
vindicating 1
violence 2
virgil 1
visitors 1
vocal 2
vocari 1
voracious 1
waits 2
walkd 1
wanderd 1
wandering 6
warnd 2
warranted 1
warrior 2
watched 1
wave 1
ways 3
wealth 8
weary 1
weeds 1
wellattending 1
wert 1
westmacott 1
whence 4
whereupon 1
who 57
wholly 4
wide 10
widowd 1
wife 2
wild 6
wildness 1
wiles 2
will 35
willingness 1
winding 1
wire 1
wise 25
wisely 1
wishdfor 2
womb 1
won 3
wondrous 3
woo 1
wore 1
works 5
worse 2
worthies 1
wouldst 2
wound 3
wretched 2
writing 9
wrongs 4
wrought 5
xanthus 1
yearling 1
years 30
yielding 1
yoke 3
yon 1
you 15
your 57
zeal 1
